info it worked if it ends with ok
verbose cli [ '/usr/bin/nodejs', '/usr/bin/npm', 'install', '.' ]
info using npm@1.1.4
info using node@v0.6.19
verbose config file /home/freddy/.npmrc
verbose config file /usr/etc/npmrc
verbose config file /usr/share/npm/npmrc
verbose caching /home/freddy/scanjs/client/js/lib/tern-master/package.json
verbose loadDefaults tern@0.2.1
verbose caching /home/freddy/scanjs/client/js/lib/tern-master/node_modules/typescript/package.json
verbose loadDefaults typescript@0.8.3
verbose caching /home/freddy/scanjs/client/js/lib/tern-master/node_modules/acorn/package.json
verbose loadDefaults acorn@0.3.1
verbose caching /home/freddy/scanjs/client/js/lib/tern-master/node_modules/codemirror/package.json
verbose loadDefaults codemirror@3.14.1
verbose from cache /home/freddy/scanjs/client/js/lib/tern-master/package.json
verbose readDependencies: using package.json deps
verbose cache add [ '.', null ]
silly cache add: name, spec, args [ undefined, '.', [ '.', null ] ]
verbose parsed url { pathname: '.', path: '.', href: '.' }
ERR! Could not install: .
ERR! Error: ENOENT, open 'package.json'
ERR! You may report this log at:
ERR!     <http://bugs.debian.org/npm>
ERR! or use
ERR!     reportbug --attach /home/freddy/scanjs/client/js/lib/tern-master/lib/npm-debug.log npm
ERR! 
ERR! System Linux 3.8.0-23-generic
ERR! command "/usr/bin/nodejs" "/usr/bin/npm" "install" "."
ERR! cwd /home/freddy/scanjs/client/js/lib/tern-master/lib
ERR! node -v v0.6.19
ERR! npm -v 1.1.4
ERR! path package.json
ERR! code ENOENT
ERR! message ENOENT, open 'package.json'
ERR! errno {}
verbose exit [ 1, true ]
